============================= test session starts =============================
platform win32 -- Python 3.13.2, pytest-9.0.1, pluggy-1.5.0 -- C:\ProgramData\miniconda3\python.exe
cachedir: .pytest_cache
rootdir: C:\Users\Pichau\Repos\MenirVital\Menir
configfile: pytest.ini
plugins: anyio-4.12.0, asyncio-1.3.0, mock-3.15.1
asyncio: mode=Mode.STRICT, debug=False, asyncio_default_fixture_loop_scope=None, asyncio_default_test_loop_scope=function
collecting ... collected 5 items

src/v3/mcp/test_mcp_tools.py::test_pii_redaction PASSED                  [ 20%]
src/v3/mcp/test_mcp_tools.py::test_log_redaction PASSED                  [ 40%]
src/v3/mcp/test_mcp_tools.py::test_get_strict_schema PASSED              [ 60%]
src/v3/mcp/test_mcp_tools.py::test_search_logs_mock PASSED               [ 80%]
C:\Users\Pichau\AppData\Roaming\Python\Python313\site-packages\_pytest\unraisableexception.py:33: RuntimeWarning: coroutine 'MenirTools.explain_node.<locals>._fetch' was never awaited
  gc.collect()
RuntimeWarning: Enable tracemalloc to get the object allocation traceback
src/v3/mcp/test_mcp_tools.py::test_explain_node_timeout PASSED           [100%]

============================== 5 passed in 1.59s ==============================
